Compiling the C compiler identification source file "CMakeCCompilerId.c" failed.
Compiler: /usr/bin/cc 
Build flags: 
Id flags:  

The output was:
1
CMakeCCompilerId.c:2:3: error: #error "A C++ compiler has been selected for C."
 # error "A C++ compiler has been selected for C."
   ^


Compiling the C compiler identification source file "CMakeCCompilerId.c" failed.
Compiler: /usr/bin/cc 
Build flags: 
Id flags: -c 

The output was:
1
CMakeCCompilerId.c:2:3: error: #error "A C++ compiler has been selected for C."
 # error "A C++ compiler has been selected for C."
   ^


Compiling the C compiler identification source file "CMakeCCompilerId.c" failed.
Compiler: /usr/bin/cc 
Build flags: 
Id flags: -Aa 

The output was:
1
<command-line>:0:1: error: missing '(' after predicate
CMakeCCompilerId.c:2:3: error: #error "A C++ compiler has been selected for C."
 # error "A C++ compiler has been selected for C."
   ^


Compiling the C compiler identification source file "CMakeCCompilerId.c" failed.
Compiler: /usr/bin/cc 
Build flags: 
Id flags: -D__CLASSIC_C__ 

The output was:
1
CMakeCCompilerId.c:2:3: error: #error "A C++ compiler has been selected for C."
 # error "A C++ compiler has been selected for C."
   ^
CMakeCCompilerId.c:295:64: warning: deprecated conversion from string constant to 'char*' [-Wwrite-strings]
 char const* info_compiler = "INFO" ":" "compiler[" COMPILER_ID "]";
                                                                ^
CMakeCCompilerId.c:542:64: warning: deprecated conversion from string constant to 'char*' [-Wwrite-strings]
 char const* info_platform = "INFO" ":" "platform[" PLATFORM_ID "]";
                                                                ^
CMakeCCompilerId.c:543:60: warning: deprecated conversion from string constant to 'char*' [-Wwrite-strings]
 char const* info_arch = "INFO" ":" "arch[" ARCHITECTURE_ID "]";
                                                            ^
CMakeCCompilerId.c:562:43: warning: deprecated conversion from string constant to 'char*' [-Wwrite-strings]
   "INFO" ":" "dialect_default[" C_DIALECT "]";
                                           ^
CMakeCCompilerId.c:570:10: error: 'argc' was not declared in this scope
 int main(argc, argv) int argc; char *argv[];
          ^
CMakeCCompilerId.c:570:16: error: 'argv' was not declared in this scope
 int main(argc, argv) int argc; char *argv[];
                ^
CMakeCCompilerId.c:570:20: error: expression list treated as compound expression in initializer [-fpermissive]
 int main(argc, argv) int argc; char *argv[];
                    ^
CMakeCCompilerId.c:570:22: error: expected ',' or ';' before 'int'
 int main(argc, argv) int argc; char *argv[];
                      ^
CMakeCCompilerId.c:570:43: error: storage size of 'argv' isn't known
 int main(argc, argv) int argc; char *argv[];
                                           ^
CMakeCCompilerId.c:574:1: error: expected unqualified-id before '{' token
 {
 ^


Compiling the C compiler identification source file "CMakeCCompilerId.c" failed.
Compiler: /usr/bin/cc 
Build flags: 
Id flags:  

The output was:
1
CMakeCCompilerId.c:2:3: error: #error "A C++ compiler has been selected for C."
 # error "A C++ compiler has been selected for C."
   ^


Compiling the C compiler identification source file "CMakeCCompilerId.c" failed.
Compiler: /usr/bin/cc 
Build flags: 
Id flags: -c 

The output was:
1
CMakeCCompilerId.c:2:3: error: #error "A C++ compiler has been selected for C."
 # error "A C++ compiler has been selected for C."
   ^


Compiling the C compiler identification source file "CMakeCCompilerId.c" failed.
Compiler: /usr/bin/cc 
Build flags: 
Id flags: -Aa 

The output was:
1
<command-line>:0:1: error: missing '(' after predicate
CMakeCCompilerId.c:2:3: error: #error "A C++ compiler has been selected for C."
 # error "A C++ compiler has been selected for C."
   ^


Compiling the C compiler identification source file "CMakeCCompilerId.c" failed.
Compiler: /usr/bin/cc 
Build flags: 
Id flags: -D__CLASSIC_C__ 

The output was:
1
CMakeCCompilerId.c:2:3: error: #error "A C++ compiler has been selected for C."
 # error "A C++ compiler has been selected for C."
   ^
CMakeCCompilerId.c:295:64: warning: deprecated conversion from string constant to 'char*' [-Wwrite-strings]
 char const* info_compiler = "INFO" ":" "compiler[" COMPILER_ID "]";
                                                                ^
CMakeCCompilerId.c:542:64: warning: deprecated conversion from string constant to 'char*' [-Wwrite-strings]
 char const* info_platform = "INFO" ":" "platform[" PLATFORM_ID "]";
                                                                ^
CMakeCCompilerId.c:543:60: warning: deprecated conversion from string constant to 'char*' [-Wwrite-strings]
 char const* info_arch = "INFO" ":" "arch[" ARCHITECTURE_ID "]";
                                                            ^
CMakeCCompilerId.c:562:43: warning: deprecated conversion from string constant to 'char*' [-Wwrite-strings]
   "INFO" ":" "dialect_default[" C_DIALECT "]";
                                           ^
CMakeCCompilerId.c:570:10: error: 'argc' was not declared in this scope
 int main(argc, argv) int argc; char *argv[];
          ^
CMakeCCompilerId.c:570:16: error: 'argv' was not declared in this scope
 int main(argc, argv) int argc; char *argv[];
                ^
CMakeCCompilerId.c:570:20: error: expression list treated as compound expression in initializer [-fpermissive]
 int main(argc, argv) int argc; char *argv[];
                    ^
CMakeCCompilerId.c:570:22: error: expected ',' or ';' before 'int'
 int main(argc, argv) int argc; char *argv[];
                      ^
CMakeCCompilerId.c:570:43: error: storage size of 'argv' isn't known
 int main(argc, argv) int argc; char *argv[];
                                           ^
CMakeCCompilerId.c:574:1: error: expected unqualified-id before '{' token
 {
 ^


Checking whether the C compiler is IAR using "" did not match "IAR .+ Compiler":
cc: fatal error: no input files
compilation terminated.
Checking whether the C compiler is IAR using "" did not match "IAR .+ Compiler":
cc: fatal error: no input files
compilation terminated.
Determining if the C compiler works failed with the following output:
Change Dir: /home/grpc/CMakeFiles/CMakeTmp

Run Build Command:"/usr/bin/make" "cmTC_c85fb/fast"
/usr/bin/make -f CMakeFiles/cmTC_c85fb.dir/build.make CMakeFiles/cmTC_c85fb.dir/build
make[1]: Entering directory '/home/grpc/CMakeFiles/CMakeTmp'
Building C object CMakeFiles/cmTC_c85fb.dir/testCCompiler.c.o
/usr/bin/cc    -o CMakeFiles/cmTC_c85fb.dir/testCCompiler.c.o   -c /home/grpc/CMakeFiles/CMakeTmp/testCCompiler.c
/home/grpc/CMakeFiles/CMakeTmp/testCCompiler.c:2:3: error: #error "The CMAKE_C_COMPILER is set to a C++ compiler"
 # error "The CMAKE_C_COMPILER is set to a C++ compiler"
   ^
CMakeFiles/cmTC_c85fb.dir/build.make:65: recipe for target 'CMakeFiles/cmTC_c85fb.dir/testCCompiler.c.o' failed
make[1]: *** [CMakeFiles/cmTC_c85fb.dir/testCCompiler.c.o] Error 1
make[1]: Leaving directory '/home/grpc/CMakeFiles/CMakeTmp'
Makefile:126: recipe for target 'cmTC_c85fb/fast' failed
make: *** [cmTC_c85fb/fast] Error 2


Compiling the C compiler identification source file "CMakeCCompilerId.c" failed.
Compiler: /usr/bin/cc 
Build flags: 
Id flags:  

The output was:
1
CMakeCCompilerId.c:2:3: error: #error "A C++ compiler has been selected for C."
 # error "A C++ compiler has been selected for C."
   ^


Compiling the C compiler identification source file "CMakeCCompilerId.c" failed.
Compiler: /usr/bin/cc 
Build flags: 
Id flags: -c 

The output was:
1
CMakeCCompilerId.c:2:3: error: #error "A C++ compiler has been selected for C."
 # error "A C++ compiler has been selected for C."
   ^


Compiling the C compiler identification source file "CMakeCCompilerId.c" failed.
Compiler: /usr/bin/cc 
Build flags: 
Id flags: -Aa 

The output was:
1
<command-line>:0:1: error: missing '(' after predicate
CMakeCCompilerId.c:2:3: error: #error "A C++ compiler has been selected for C."
 # error "A C++ compiler has been selected for C."
   ^


Compiling the C compiler identification source file "CMakeCCompilerId.c" failed.
Compiler: /usr/bin/cc 
Build flags: 
Id flags: -D__CLASSIC_C__ 

The output was:
1
CMakeCCompilerId.c:2:3: error: #error "A C++ compiler has been selected for C."
 # error "A C++ compiler has been selected for C."
   ^
CMakeCCompilerId.c:295:64: warning: deprecated conversion from string constant to 'char*' [-Wwrite-strings]
 char const* info_compiler = "INFO" ":" "compiler[" COMPILER_ID "]";
                                                                ^
CMakeCCompilerId.c:542:64: warning: deprecated conversion from string constant to 'char*' [-Wwrite-strings]
 char const* info_platform = "INFO" ":" "platform[" PLATFORM_ID "]";
                                                                ^
CMakeCCompilerId.c:543:60: warning: deprecated conversion from string constant to 'char*' [-Wwrite-strings]
 char const* info_arch = "INFO" ":" "arch[" ARCHITECTURE_ID "]";
                                                            ^
CMakeCCompilerId.c:562:43: warning: deprecated conversion from string constant to 'char*' [-Wwrite-strings]
   "INFO" ":" "dialect_default[" C_DIALECT "]";
                                           ^
CMakeCCompilerId.c:570:10: error: 'argc' was not declared in this scope
 int main(argc, argv) int argc; char *argv[];
          ^
CMakeCCompilerId.c:570:16: error: 'argv' was not declared in this scope
 int main(argc, argv) int argc; char *argv[];
                ^
CMakeCCompilerId.c:570:20: error: expression list treated as compound expression in initializer [-fpermissive]
 int main(argc, argv) int argc; char *argv[];
                    ^
CMakeCCompilerId.c:570:22: error: expected ',' or ';' before 'int'
 int main(argc, argv) int argc; char *argv[];
                      ^
CMakeCCompilerId.c:570:43: error: storage size of 'argv' isn't known
 int main(argc, argv) int argc; char *argv[];
                                           ^
CMakeCCompilerId.c:574:1: error: expected unqualified-id before '{' token
 {
 ^


Compiling the C compiler identification source file "CMakeCCompilerId.c" failed.
Compiler: /usr/bin/cc 
Build flags: 
Id flags:  

The output was:
1
CMakeCCompilerId.c:2:3: error: #error "A C++ compiler has been selected for C."
 # error "A C++ compiler has been selected for C."
   ^


Compiling the C compiler identification source file "CMakeCCompilerId.c" failed.
Compiler: /usr/bin/cc 
Build flags: 
Id flags: -c 

The output was:
1
CMakeCCompilerId.c:2:3: error: #error "A C++ compiler has been selected for C."
 # error "A C++ compiler has been selected for C."
   ^


Compiling the C compiler identification source file "CMakeCCompilerId.c" failed.
Compiler: /usr/bin/cc 
Build flags: 
Id flags: -Aa 

The output was:
1
<command-line>:0:1: error: missing '(' after predicate
CMakeCCompilerId.c:2:3: error: #error "A C++ compiler has been selected for C."
 # error "A C++ compiler has been selected for C."
   ^


Compiling the C compiler identification source file "CMakeCCompilerId.c" failed.
Compiler: /usr/bin/cc 
Build flags: 
Id flags: -D__CLASSIC_C__ 

The output was:
1
CMakeCCompilerId.c:2:3: error: #error "A C++ compiler has been selected for C."
 # error "A C++ compiler has been selected for C."
   ^
CMakeCCompilerId.c:295:64: warning: deprecated conversion from string constant to 'char*' [-Wwrite-strings]
 char const* info_compiler = "INFO" ":" "compiler[" COMPILER_ID "]";
                                                                ^
CMakeCCompilerId.c:542:64: warning: deprecated conversion from string constant to 'char*' [-Wwrite-strings]
 char const* info_platform = "INFO" ":" "platform[" PLATFORM_ID "]";
                                                                ^
CMakeCCompilerId.c:543:60: warning: deprecated conversion from string constant to 'char*' [-Wwrite-strings]
 char const* info_arch = "INFO" ":" "arch[" ARCHITECTURE_ID "]";
                                                            ^
CMakeCCompilerId.c:562:43: warning: deprecated conversion from string constant to 'char*' [-Wwrite-strings]
   "INFO" ":" "dialect_default[" C_DIALECT "]";
                                           ^
CMakeCCompilerId.c:570:10: error: 'argc' was not declared in this scope
 int main(argc, argv) int argc; char *argv[];
          ^
CMakeCCompilerId.c:570:16: error: 'argv' was not declared in this scope
 int main(argc, argv) int argc; char *argv[];
                ^
CMakeCCompilerId.c:570:20: error: expression list treated as compound expression in initializer [-fpermissive]
 int main(argc, argv) int argc; char *argv[];
                    ^
CMakeCCompilerId.c:570:22: error: expected ',' or ';' before 'int'
 int main(argc, argv) int argc; char *argv[];
                      ^
CMakeCCompilerId.c:570:43: error: storage size of 'argv' isn't known
 int main(argc, argv) int argc; char *argv[];
                                           ^
CMakeCCompilerId.c:574:1: error: expected unqualified-id before '{' token
 {
 ^


Checking whether the C compiler is IAR using "" did not match "IAR .+ Compiler":
cc: fatal error: no input files
compilation terminated.
Checking whether the C compiler is IAR using "" did not match "IAR .+ Compiler":
cc: fatal error: no input files
compilation terminated.
Determining if the C compiler works failed with the following output:
Change Dir: /home/grpc/CMakeFiles/CMakeTmp

Run Build Command:"/usr/bin/make" "cmTC_070e4/fast"
/usr/bin/make -f CMakeFiles/cmTC_070e4.dir/build.make CMakeFiles/cmTC_070e4.dir/build
make[1]: Entering directory '/home/grpc/CMakeFiles/CMakeTmp'
Building C object CMakeFiles/cmTC_070e4.dir/testCCompiler.c.o
/usr/bin/cc    -o CMakeFiles/cmTC_070e4.dir/testCCompiler.c.o   -c /home/grpc/CMakeFiles/CMakeTmp/testCCompiler.c
/home/grpc/CMakeFiles/CMakeTmp/testCCompiler.c:2:3: error: #error "The CMAKE_C_COMPILER is set to a C++ compiler"
 # error "The CMAKE_C_COMPILER is set to a C++ compiler"
   ^
CMakeFiles/cmTC_070e4.dir/build.make:65: recipe for target 'CMakeFiles/cmTC_070e4.dir/testCCompiler.c.o' failed
make[1]: *** [CMakeFiles/cmTC_070e4.dir/testCCompiler.c.o] Error 1
make[1]: Leaving directory '/home/grpc/CMakeFiles/CMakeTmp'
Makefile:126: recipe for target 'cmTC_070e4/fast' failed
make: *** [cmTC_070e4/fast] Error 2


Compiling the C compiler identification source file "CMakeCCompilerId.c" failed.
Compiler: /usr/bin/cc 
Build flags: 
Id flags:  

The output was:
1
CMakeCCompilerId.c:2:3: error: #error "A C++ compiler has been selected for C."
 # error "A C++ compiler has been selected for C."
   ^


Compiling the C compiler identification source file "CMakeCCompilerId.c" failed.
Compiler: /usr/bin/cc 
Build flags: 
Id flags: -c 

The output was:
1
CMakeCCompilerId.c:2:3: error: #error "A C++ compiler has been selected for C."
 # error "A C++ compiler has been selected for C."
   ^


Compiling the C compiler identification source file "CMakeCCompilerId.c" failed.
Compiler: /usr/bin/cc 
Build flags: 
Id flags: -Aa 

The output was:
1
<command-line>:0:1: error: missing '(' after predicate
CMakeCCompilerId.c:2:3: error: #error "A C++ compiler has been selected for C."
 # error "A C++ compiler has been selected for C."
   ^


Compiling the C compiler identification source file "CMakeCCompilerId.c" failed.
Compiler: /usr/bin/cc 
Build flags: 
Id flags: -D__CLASSIC_C__ 

The output was:
1
CMakeCCompilerId.c:2:3: error: #error "A C++ compiler has been selected for C."
 # error "A C++ compiler has been selected for C."
   ^
CMakeCCompilerId.c:295:64: warning: deprecated conversion from string constant to 'char*' [-Wwrite-strings]
 char const* info_compiler = "INFO" ":" "compiler[" COMPILER_ID "]";
                                                                ^
CMakeCCompilerId.c:542:64: warning: deprecated conversion from string constant to 'char*' [-Wwrite-strings]
 char const* info_platform = "INFO" ":" "platform[" PLATFORM_ID "]";
                                                                ^
CMakeCCompilerId.c:543:60: warning: deprecated conversion from string constant to 'char*' [-Wwrite-strings]
 char const* info_arch = "INFO" ":" "arch[" ARCHITECTURE_ID "]";
                                                            ^
CMakeCCompilerId.c:562:43: warning: deprecated conversion from string constant to 'char*' [-Wwrite-strings]
   "INFO" ":" "dialect_default[" C_DIALECT "]";
                                           ^
CMakeCCompilerId.c:570:10: error: 'argc' was not declared in this scope
 int main(argc, argv) int argc; char *argv[];
          ^
CMakeCCompilerId.c:570:16: error: 'argv' was not declared in this scope
 int main(argc, argv) int argc; char *argv[];
                ^
CMakeCCompilerId.c:570:20: error: expression list treated as compound expression in initializer [-fpermissive]
 int main(argc, argv) int argc; char *argv[];
                    ^
CMakeCCompilerId.c:570:22: error: expected ',' or ';' before 'int'
 int main(argc, argv) int argc; char *argv[];
                      ^
CMakeCCompilerId.c:570:43: error: storage size of 'argv' isn't known
 int main(argc, argv) int argc; char *argv[];
                                           ^
CMakeCCompilerId.c:574:1: error: expected unqualified-id before '{' token
 {
 ^


Compiling the C compiler identification source file "CMakeCCompilerId.c" failed.
Compiler: /usr/bin/cc 
Build flags: 
Id flags:  

The output was:
1
CMakeCCompilerId.c:2:3: error: #error "A C++ compiler has been selected for C."
 # error "A C++ compiler has been selected for C."
   ^


Compiling the C compiler identification source file "CMakeCCompilerId.c" failed.
Compiler: /usr/bin/cc 
Build flags: 
Id flags: -c 

The output was:
1
CMakeCCompilerId.c:2:3: error: #error "A C++ compiler has been selected for C."
 # error "A C++ compiler has been selected for C."
   ^


Compiling the C compiler identification source file "CMakeCCompilerId.c" failed.
Compiler: /usr/bin/cc 
Build flags: 
Id flags: -Aa 

The output was:
1
<command-line>:0:1: error: missing '(' after predicate
CMakeCCompilerId.c:2:3: error: #error "A C++ compiler has been selected for C."
 # error "A C++ compiler has been selected for C."
   ^


Compiling the C compiler identification source file "CMakeCCompilerId.c" failed.
Compiler: /usr/bin/cc 
Build flags: 
Id flags: -D__CLASSIC_C__ 

The output was:
1
CMakeCCompilerId.c:2:3: error: #error "A C++ compiler has been selected for C."
 # error "A C++ compiler has been selected for C."
   ^
CMakeCCompilerId.c:295:64: warning: deprecated conversion from string constant to 'char*' [-Wwrite-strings]
 char const* info_compiler = "INFO" ":" "compiler[" COMPILER_ID "]";
                                                                ^
CMakeCCompilerId.c:542:64: warning: deprecated conversion from string constant to 'char*' [-Wwrite-strings]
 char const* info_platform = "INFO" ":" "platform[" PLATFORM_ID "]";
                                                                ^
CMakeCCompilerId.c:543:60: warning: deprecated conversion from string constant to 'char*' [-Wwrite-strings]
 char const* info_arch = "INFO" ":" "arch[" ARCHITECTURE_ID "]";
                                                            ^
CMakeCCompilerId.c:562:43: warning: deprecated conversion from string constant to 'char*' [-Wwrite-strings]
   "INFO" ":" "dialect_default[" C_DIALECT "]";
                                           ^
CMakeCCompilerId.c:570:10: error: 'argc' was not declared in this scope
 int main(argc, argv) int argc; char *argv[];
          ^
CMakeCCompilerId.c:570:16: error: 'argv' was not declared in this scope
 int main(argc, argv) int argc; char *argv[];
                ^
CMakeCCompilerId.c:570:20: error: expression list treated as compound expression in initializer [-fpermissive]
 int main(argc, argv) int argc; char *argv[];
                    ^
CMakeCCompilerId.c:570:22: error: expected ',' or ';' before 'int'
 int main(argc, argv) int argc; char *argv[];
                      ^
CMakeCCompilerId.c:570:43: error: storage size of 'argv' isn't known
 int main(argc, argv) int argc; char *argv[];
                                           ^
CMakeCCompilerId.c:574:1: error: expected unqualified-id before '{' token
 {
 ^


Checking whether the C compiler is IAR using "" did not match "IAR .+ Compiler":
cc: fatal error: no input files
compilation terminated.
Checking whether the C compiler is IAR using "" did not match "IAR .+ Compiler":
cc: fatal error: no input files
compilation terminated.
Determining if the C compiler works failed with the following output:
Change Dir: /home/grpc/CMakeFiles/CMakeTmp

Run Build Command:"/usr/bin/make" "cmTC_a1ba7/fast"
/usr/bin/make -f CMakeFiles/cmTC_a1ba7.dir/build.make CMakeFiles/cmTC_a1ba7.dir/build
make[1]: Entering directory '/home/grpc/CMakeFiles/CMakeTmp'
Building C object CMakeFiles/cmTC_a1ba7.dir/testCCompiler.c.o
/usr/bin/cc    -o CMakeFiles/cmTC_a1ba7.dir/testCCompiler.c.o   -c /home/grpc/CMakeFiles/CMakeTmp/testCCompiler.c
/home/grpc/CMakeFiles/CMakeTmp/testCCompiler.c:2:3: error: #error "The CMAKE_C_COMPILER is set to a C++ compiler"
 # error "The CMAKE_C_COMPILER is set to a C++ compiler"
   ^
CMakeFiles/cmTC_a1ba7.dir/build.make:65: recipe for target 'CMakeFiles/cmTC_a1ba7.dir/testCCompiler.c.o' failed
make[1]: *** [CMakeFiles/cmTC_a1ba7.dir/testCCompiler.c.o] Error 1
make[1]: Leaving directory '/home/grpc/CMakeFiles/CMakeTmp'
Makefile:126: recipe for target 'cmTC_a1ba7/fast' failed
make: *** [cmTC_a1ba7/fast] Error 2


Compiling the C compiler identification source file "CMakeCCompilerId.c" failed.
Compiler: /usr/bin/c++ 
Build flags: 
Id flags:  

The output was:
1
CMakeCCompilerId.c:2:3: error: #error "A C++ compiler has been selected for C."
 # error "A C++ compiler has been selected for C."
   ^


Compiling the C compiler identification source file "CMakeCCompilerId.c" failed.
Compiler: /usr/bin/c++ 
Build flags: 
Id flags: -c 

The output was:
1
CMakeCCompilerId.c:2:3: error: #error "A C++ compiler has been selected for C."
 # error "A C++ compiler has been selected for C."
   ^


Compiling the C compiler identification source file "CMakeCCompilerId.c" failed.
Compiler: /usr/bin/c++ 
Build flags: 
Id flags: -Aa 

The output was:
1
<command-line>:0:1: error: missing '(' after predicate
CMakeCCompilerId.c:2:3: error: #error "A C++ compiler has been selected for C."
 # error "A C++ compiler has been selected for C."
   ^


Compiling the C compiler identification source file "CMakeCCompilerId.c" failed.
Compiler: /usr/bin/c++ 
Build flags: 
Id flags: -D__CLASSIC_C__ 

The output was:
1
CMakeCCompilerId.c:2:3: error: #error "A C++ compiler has been selected for C."
 # error "A C++ compiler has been selected for C."
   ^
CMakeCCompilerId.c:295:64: warning: deprecated conversion from string constant to 'char*' [-Wwrite-strings]
 char const* info_compiler = "INFO" ":" "compiler[" COMPILER_ID "]";
                                                                ^
CMakeCCompilerId.c:542:64: warning: deprecated conversion from string constant to 'char*' [-Wwrite-strings]
 char const* info_platform = "INFO" ":" "platform[" PLATFORM_ID "]";
                                                                ^
CMakeCCompilerId.c:543:60: warning: deprecated conversion from string constant to 'char*' [-Wwrite-strings]
 char const* info_arch = "INFO" ":" "arch[" ARCHITECTURE_ID "]";
                                                            ^
CMakeCCompilerId.c:562:43: warning: deprecated conversion from string constant to 'char*' [-Wwrite-strings]
   "INFO" ":" "dialect_default[" C_DIALECT "]";
                                           ^
CMakeCCompilerId.c:570:10: error: 'argc' was not declared in this scope
 int main(argc, argv) int argc; char *argv[];
          ^
CMakeCCompilerId.c:570:16: error: 'argv' was not declared in this scope
 int main(argc, argv) int argc; char *argv[];
                ^
CMakeCCompilerId.c:570:20: error: expression list treated as compound expression in initializer [-fpermissive]
 int main(argc, argv) int argc; char *argv[];
                    ^
CMakeCCompilerId.c:570:22: error: expected ',' or ';' before 'int'
 int main(argc, argv) int argc; char *argv[];
                      ^
CMakeCCompilerId.c:570:43: error: storage size of 'argv' isn't known
 int main(argc, argv) int argc; char *argv[];
                                           ^
CMakeCCompilerId.c:574:1: error: expected unqualified-id before '{' token
 {
 ^


Compiling the C compiler identification source file "CMakeCCompilerId.c" failed.
Compiler: /usr/bin/c++ 
Build flags: 
Id flags:  

The output was:
1
CMakeCCompilerId.c:2:3: error: #error "A C++ compiler has been selected for C."
 # error "A C++ compiler has been selected for C."
   ^


Compiling the C compiler identification source file "CMakeCCompilerId.c" failed.
Compiler: /usr/bin/c++ 
Build flags: 
Id flags: -c 

The output was:
1
CMakeCCompilerId.c:2:3: error: #error "A C++ compiler has been selected for C."
 # error "A C++ compiler has been selected for C."
   ^


Compiling the C compiler identification source file "CMakeCCompilerId.c" failed.
Compiler: /usr/bin/c++ 
Build flags: 
Id flags: -Aa 

The output was:
1
<command-line>:0:1: error: missing '(' after predicate
CMakeCCompilerId.c:2:3: error: #error "A C++ compiler has been selected for C."
 # error "A C++ compiler has been selected for C."
   ^


Compiling the C compiler identification source file "CMakeCCompilerId.c" failed.
Compiler: /usr/bin/c++ 
Build flags: 
Id flags: -D__CLASSIC_C__ 

The output was:
1
CMakeCCompilerId.c:2:3: error: #error "A C++ compiler has been selected for C."
 # error "A C++ compiler has been selected for C."
   ^
CMakeCCompilerId.c:295:64: warning: deprecated conversion from string constant to 'char*' [-Wwrite-strings]
 char const* info_compiler = "INFO" ":" "compiler[" COMPILER_ID "]";
                                                                ^
CMakeCCompilerId.c:542:64: warning: deprecated conversion from string constant to 'char*' [-Wwrite-strings]
 char const* info_platform = "INFO" ":" "platform[" PLATFORM_ID "]";
                                                                ^
CMakeCCompilerId.c:543:60: warning: deprecated conversion from string constant to 'char*' [-Wwrite-strings]
 char const* info_arch = "INFO" ":" "arch[" ARCHITECTURE_ID "]";
                                                            ^
CMakeCCompilerId.c:562:43: warning: deprecated conversion from string constant to 'char*' [-Wwrite-strings]
   "INFO" ":" "dialect_default[" C_DIALECT "]";
                                           ^
CMakeCCompilerId.c:570:10: error: 'argc' was not declared in this scope
 int main(argc, argv) int argc; char *argv[];
          ^
CMakeCCompilerId.c:570:16: error: 'argv' was not declared in this scope
 int main(argc, argv) int argc; char *argv[];
                ^
CMakeCCompilerId.c:570:20: error: expression list treated as compound expression in initializer [-fpermissive]
 int main(argc, argv) int argc; char *argv[];
                    ^
CMakeCCompilerId.c:570:22: error: expected ',' or ';' before 'int'
 int main(argc, argv) int argc; char *argv[];
                      ^
CMakeCCompilerId.c:570:43: error: storage size of 'argv' isn't known
 int main(argc, argv) int argc; char *argv[];
                                           ^
CMakeCCompilerId.c:574:1: error: expected unqualified-id before '{' token
 {
 ^


Checking whether the C compiler is IAR using "" did not match "IAR .+ Compiler":
c++: fatal error: no input files
compilation terminated.
Checking whether the C compiler is IAR using "" did not match "IAR .+ Compiler":
c++: fatal error: no input files
compilation terminated.
Determining if the C compiler works failed with the following output:
Change Dir: /home/grpc/CMakeFiles/CMakeTmp

Run Build Command:"/usr/bin/make" "cmTC_e83b1/fast"
/usr/bin/make -f CMakeFiles/cmTC_e83b1.dir/build.make CMakeFiles/cmTC_e83b1.dir/build
make[1]: Entering directory '/home/grpc/CMakeFiles/CMakeTmp'
Building C object CMakeFiles/cmTC_e83b1.dir/testCCompiler.c.o
/usr/bin/c++    -o CMakeFiles/cmTC_e83b1.dir/testCCompiler.c.o   -c /home/grpc/CMakeFiles/CMakeTmp/testCCompiler.c
/home/grpc/CMakeFiles/CMakeTmp/testCCompiler.c:2:3: error: #error "The CMAKE_C_COMPILER is set to a C++ compiler"
 # error "The CMAKE_C_COMPILER is set to a C++ compiler"
   ^
CMakeFiles/cmTC_e83b1.dir/build.make:65: recipe for target 'CMakeFiles/cmTC_e83b1.dir/testCCompiler.c.o' failed
make[1]: *** [CMakeFiles/cmTC_e83b1.dir/testCCompiler.c.o] Error 1
make[1]: Leaving directory '/home/grpc/CMakeFiles/CMakeTmp'
Makefile:126: recipe for target 'cmTC_e83b1/fast' failed
make: *** [cmTC_e83b1/fast] Error 2


Compiling the C compiler identification source file "CMakeCCompilerId.c" failed.
Compiler: /usr/bin/g++ 
Build flags: 
Id flags:  

The output was:
1
CMakeCCompilerId.c:2:3: error: #error "A C++ compiler has been selected for C."
 # error "A C++ compiler has been selected for C."
   ^


Compiling the C compiler identification source file "CMakeCCompilerId.c" failed.
Compiler: /usr/bin/g++ 
Build flags: 
Id flags: -c 

The output was:
1
CMakeCCompilerId.c:2:3: error: #error "A C++ compiler has been selected for C."
 # error "A C++ compiler has been selected for C."
   ^


Compiling the C compiler identification source file "CMakeCCompilerId.c" failed.
Compiler: /usr/bin/g++ 
Build flags: 
Id flags: -Aa 

The output was:
1
<command-line>:0:1: error: missing '(' after predicate
CMakeCCompilerId.c:2:3: error: #error "A C++ compiler has been selected for C."
 # error "A C++ compiler has been selected for C."
   ^


Compiling the C compiler identification source file "CMakeCCompilerId.c" failed.
Compiler: /usr/bin/g++ 
Build flags: 
Id flags: -D__CLASSIC_C__ 

The output was:
1
CMakeCCompilerId.c:2:3: error: #error "A C++ compiler has been selected for C."
 # error "A C++ compiler has been selected for C."
   ^
CMakeCCompilerId.c:295:64: warning: deprecated conversion from string constant to 'char*' [-Wwrite-strings]
 char const* info_compiler = "INFO" ":" "compiler[" COMPILER_ID "]";
                                                                ^
CMakeCCompilerId.c:542:64: warning: deprecated conversion from string constant to 'char*' [-Wwrite-strings]
 char const* info_platform = "INFO" ":" "platform[" PLATFORM_ID "]";
                                                                ^
CMakeCCompilerId.c:543:60: warning: deprecated conversion from string constant to 'char*' [-Wwrite-strings]
 char const* info_arch = "INFO" ":" "arch[" ARCHITECTURE_ID "]";
                                                            ^
CMakeCCompilerId.c:562:43: warning: deprecated conversion from string constant to 'char*' [-Wwrite-strings]
   "INFO" ":" "dialect_default[" C_DIALECT "]";
                                           ^
CMakeCCompilerId.c:570:10: error: 'argc' was not declared in this scope
 int main(argc, argv) int argc; char *argv[];
          ^
CMakeCCompilerId.c:570:16: error: 'argv' was not declared in this scope
 int main(argc, argv) int argc; char *argv[];
                ^
CMakeCCompilerId.c:570:20: error: expression list treated as compound expression in initializer [-fpermissive]
 int main(argc, argv) int argc; char *argv[];
                    ^
CMakeCCompilerId.c:570:22: error: expected ',' or ';' before 'int'
 int main(argc, argv) int argc; char *argv[];
                      ^
CMakeCCompilerId.c:570:43: error: storage size of 'argv' isn't known
 int main(argc, argv) int argc; char *argv[];
                                           ^
CMakeCCompilerId.c:574:1: error: expected unqualified-id before '{' token
 {
 ^


Compiling the C compiler identification source file "CMakeCCompilerId.c" failed.
Compiler: /usr/bin/g++ 
Build flags: 
Id flags:  

The output was:
1
CMakeCCompilerId.c:2:3: error: #error "A C++ compiler has been selected for C."
 # error "A C++ compiler has been selected for C."
   ^


Compiling the C compiler identification source file "CMakeCCompilerId.c" failed.
Compiler: /usr/bin/g++ 
Build flags: 
Id flags: -c 

The output was:
1
CMakeCCompilerId.c:2:3: error: #error "A C++ compiler has been selected for C."
 # error "A C++ compiler has been selected for C."
   ^


Compiling the C compiler identification source file "CMakeCCompilerId.c" failed.
Compiler: /usr/bin/g++ 
Build flags: 
Id flags: -Aa 

The output was:
1
<command-line>:0:1: error: missing '(' after predicate
CMakeCCompilerId.c:2:3: error: #error "A C++ compiler has been selected for C."
 # error "A C++ compiler has been selected for C."
   ^


Compiling the C compiler identification source file "CMakeCCompilerId.c" failed.
Compiler: /usr/bin/g++ 
Build flags: 
Id flags: -D__CLASSIC_C__ 

The output was:
1
CMakeCCompilerId.c:2:3: error: #error "A C++ compiler has been selected for C."
 # error "A C++ compiler has been selected for C."
   ^
CMakeCCompilerId.c:295:64: warning: deprecated conversion from string constant to 'char*' [-Wwrite-strings]
 char const* info_compiler = "INFO" ":" "compiler[" COMPILER_ID "]";
                                                                ^
CMakeCCompilerId.c:542:64: warning: deprecated conversion from string constant to 'char*' [-Wwrite-strings]
 char const* info_platform = "INFO" ":" "platform[" PLATFORM_ID "]";
                                                                ^
CMakeCCompilerId.c:543:60: warning: deprecated conversion from string constant to 'char*' [-Wwrite-strings]
 char const* info_arch = "INFO" ":" "arch[" ARCHITECTURE_ID "]";
                                                            ^
CMakeCCompilerId.c:562:43: warning: deprecated conversion from string constant to 'char*' [-Wwrite-strings]
   "INFO" ":" "dialect_default[" C_DIALECT "]";
                                           ^
CMakeCCompilerId.c:570:10: error: 'argc' was not declared in this scope
 int main(argc, argv) int argc; char *argv[];
          ^
CMakeCCompilerId.c:570:16: error: 'argv' was not declared in this scope
 int main(argc, argv) int argc; char *argv[];
                ^
CMakeCCompilerId.c:570:20: error: expression list treated as compound expression in initializer [-fpermissive]
 int main(argc, argv) int argc; char *argv[];
                    ^
CMakeCCompilerId.c:570:22: error: expected ',' or ';' before 'int'
 int main(argc, argv) int argc; char *argv[];
                      ^
CMakeCCompilerId.c:570:43: error: storage size of 'argv' isn't known
 int main(argc, argv) int argc; char *argv[];
                                           ^
CMakeCCompilerId.c:574:1: error: expected unqualified-id before '{' token
 {
 ^


Checking whether the C compiler is IAR using "" did not match "IAR .+ Compiler":
g++: fatal error: no input files
compilation terminated.
Checking whether the C compiler is IAR using "" did not match "IAR .+ Compiler":
g++: fatal error: no input files
compilation terminated.
Determining if the C compiler works failed with the following output:
Change Dir: /home/grpc/CMakeFiles/CMakeTmp

Run Build Command:"/usr/bin/make" "cmTC_03a8f/fast"
/usr/bin/make -f CMakeFiles/cmTC_03a8f.dir/build.make CMakeFiles/cmTC_03a8f.dir/build
make[1]: Entering directory '/home/grpc/CMakeFiles/CMakeTmp'
Building C object CMakeFiles/cmTC_03a8f.dir/testCCompiler.c.o
/usr/bin/g++    -o CMakeFiles/cmTC_03a8f.dir/testCCompiler.c.o   -c /home/grpc/CMakeFiles/CMakeTmp/testCCompiler.c
/home/grpc/CMakeFiles/CMakeTmp/testCCompiler.c:2:3: error: #error "The CMAKE_C_COMPILER is set to a C++ compiler"
 # error "The CMAKE_C_COMPILER is set to a C++ compiler"
   ^
CMakeFiles/cmTC_03a8f.dir/build.make:65: recipe for target 'CMakeFiles/cmTC_03a8f.dir/testCCompiler.c.o' failed
make[1]: *** [CMakeFiles/cmTC_03a8f.dir/testCCompiler.c.o] Error 1
make[1]: Leaving directory '/home/grpc/CMakeFiles/CMakeTmp'
Makefile:126: recipe for target 'cmTC_03a8f/fast' failed
make: *** [cmTC_03a8f/fast] Error 2


Compiling the C compiler identification source file "CMakeCCompilerId.c" failed.
Compiler: /usr/bin/gcc 
Build flags: 
Id flags:  

The output was:
1
CMakeCCompilerId.c:2:3: error: #error "A C++ compiler has been selected for C."
 # error "A C++ compiler has been selected for C."
   ^


Compiling the C compiler identification source file "CMakeCCompilerId.c" failed.
Compiler: /usr/bin/gcc 
Build flags: 
Id flags: -c 

The output was:
1
CMakeCCompilerId.c:2:3: error: #error "A C++ compiler has been selected for C."
 # error "A C++ compiler has been selected for C."
   ^


Compiling the C compiler identification source file "CMakeCCompilerId.c" failed.
Compiler: /usr/bin/gcc 
Build flags: 
Id flags: -Aa 

The output was:
1
<command-line>:0:1: error: missing '(' after predicate
CMakeCCompilerId.c:2:3: error: #error "A C++ compiler has been selected for C."
 # error "A C++ compiler has been selected for C."
   ^


Compiling the C compiler identification source file "CMakeCCompilerId.c" failed.
Compiler: /usr/bin/gcc 
Build flags: 
Id flags: -D__CLASSIC_C__ 

The output was:
1
CMakeCCompilerId.c:2:3: error: #error "A C++ compiler has been selected for C."
 # error "A C++ compiler has been selected for C."
   ^
CMakeCCompilerId.c:295:64: warning: deprecated conversion from string constant to 'char*' [-Wwrite-strings]
 char const* info_compiler = "INFO" ":" "compiler[" COMPILER_ID "]";
                                                                ^
CMakeCCompilerId.c:542:64: warning: deprecated conversion from string constant to 'char*' [-Wwrite-strings]
 char const* info_platform = "INFO" ":" "platform[" PLATFORM_ID "]";
                                                                ^
CMakeCCompilerId.c:543:60: warning: deprecated conversion from string constant to 'char*' [-Wwrite-strings]
 char const* info_arch = "INFO" ":" "arch[" ARCHITECTURE_ID "]";
                                                            ^
CMakeCCompilerId.c:562:43: warning: deprecated conversion from string constant to 'char*' [-Wwrite-strings]
   "INFO" ":" "dialect_default[" C_DIALECT "]";
                                           ^
CMakeCCompilerId.c:570:10: error: 'argc' was not declared in this scope
 int main(argc, argv) int argc; char *argv[];
          ^
CMakeCCompilerId.c:570:16: error: 'argv' was not declared in this scope
 int main(argc, argv) int argc; char *argv[];
                ^
CMakeCCompilerId.c:570:20: error: expression list treated as compound expression in initializer [-fpermissive]
 int main(argc, argv) int argc; char *argv[];
                    ^
CMakeCCompilerId.c:570:22: error: expected ',' or ';' before 'int'
 int main(argc, argv) int argc; char *argv[];
                      ^
CMakeCCompilerId.c:570:43: error: storage size of 'argv' isn't known
 int main(argc, argv) int argc; char *argv[];
                                           ^
CMakeCCompilerId.c:574:1: error: expected unqualified-id before '{' token
 {
 ^


Compiling the C compiler identification source file "CMakeCCompilerId.c" failed.
Compiler: /usr/bin/gcc 
Build flags: 
Id flags:  

The output was:
1
CMakeCCompilerId.c:2:3: error: #error "A C++ compiler has been selected for C."
 # error "A C++ compiler has been selected for C."
   ^


Compiling the C compiler identification source file "CMakeCCompilerId.c" failed.
Compiler: /usr/bin/gcc 
Build flags: 
Id flags: -c 

The output was:
1
CMakeCCompilerId.c:2:3: error: #error "A C++ compiler has been selected for C."
 # error "A C++ compiler has been selected for C."
   ^


Compiling the C compiler identification source file "CMakeCCompilerId.c" failed.
Compiler: /usr/bin/gcc 
Build flags: 
Id flags: -Aa 

The output was:
1
<command-line>:0:1: error: missing '(' after predicate
CMakeCCompilerId.c:2:3: error: #error "A C++ compiler has been selected for C."
 # error "A C++ compiler has been selected for C."
   ^


Compiling the C compiler identification source file "CMakeCCompilerId.c" failed.
Compiler: /usr/bin/gcc 
Build flags: 
Id flags: -D__CLASSIC_C__ 

The output was:
1
CMakeCCompilerId.c:2:3: error: #error "A C++ compiler has been selected for C."
 # error "A C++ compiler has been selected for C."
   ^
CMakeCCompilerId.c:295:64: warning: deprecated conversion from string constant to 'char*' [-Wwrite-strings]
 char const* info_compiler = "INFO" ":" "compiler[" COMPILER_ID "]";
                                                                ^
CMakeCCompilerId.c:542:64: warning: deprecated conversion from string constant to 'char*' [-Wwrite-strings]
 char const* info_platform = "INFO" ":" "platform[" PLATFORM_ID "]";
                                                                ^
CMakeCCompilerId.c:543:60: warning: deprecated conversion from string constant to 'char*' [-Wwrite-strings]
 char const* info_arch = "INFO" ":" "arch[" ARCHITECTURE_ID "]";
                                                            ^
CMakeCCompilerId.c:562:43: warning: deprecated conversion from string constant to 'char*' [-Wwrite-strings]
   "INFO" ":" "dialect_default[" C_DIALECT "]";
                                           ^
CMakeCCompilerId.c:570:10: error: 'argc' was not declared in this scope
 int main(argc, argv) int argc; char *argv[];
          ^
CMakeCCompilerId.c:570:16: error: 'argv' was not declared in this scope
 int main(argc, argv) int argc; char *argv[];
                ^
CMakeCCompilerId.c:570:20: error: expression list treated as compound expression in initializer [-fpermissive]
 int main(argc, argv) int argc; char *argv[];
                    ^
CMakeCCompilerId.c:570:22: error: expected ',' or ';' before 'int'
 int main(argc, argv) int argc; char *argv[];
                      ^
CMakeCCompilerId.c:570:43: error: storage size of 'argv' isn't known
 int main(argc, argv) int argc; char *argv[];
                                           ^
CMakeCCompilerId.c:574:1: error: expected unqualified-id before '{' token
 {
 ^


Checking whether the C compiler is IAR using "" did not match "IAR .+ Compiler":
gcc: fatal error: no input files
compilation terminated.
Checking whether the C compiler is IAR using "" did not match "IAR .+ Compiler":
gcc: fatal error: no input files
compilation terminated.
Determining if the C compiler works failed with the following output:
Change Dir: /home/grpc/CMakeFiles/CMakeTmp

Run Build Command:"/usr/bin/make" "cmTC_8c86f/fast"
/usr/bin/make -f CMakeFiles/cmTC_8c86f.dir/build.make CMakeFiles/cmTC_8c86f.dir/build
make[1]: Entering directory '/home/grpc/CMakeFiles/CMakeTmp'
Building C object CMakeFiles/cmTC_8c86f.dir/testCCompiler.c.o
/usr/bin/gcc    -o CMakeFiles/cmTC_8c86f.dir/testCCompiler.c.o   -c /home/grpc/CMakeFiles/CMakeTmp/testCCompiler.c
/home/grpc/CMakeFiles/CMakeTmp/testCCompiler.c:2:3: error: #error "The CMAKE_C_COMPILER is set to a C++ compiler"
 # error "The CMAKE_C_COMPILER is set to a C++ compiler"
   ^
CMakeFiles/cmTC_8c86f.dir/build.make:65: recipe for target 'CMakeFiles/cmTC_8c86f.dir/testCCompiler.c.o' failed
make[1]: *** [CMakeFiles/cmTC_8c86f.dir/testCCompiler.c.o] Error 1
make[1]: Leaving directory '/home/grpc/CMakeFiles/CMakeTmp'
Makefile:126: recipe for target 'cmTC_8c86f/fast' failed
make: *** [cmTC_8c86f/fast] Error 2


Compiling the C compiler identification source file "CMakeCCompilerId.c" failed.
Compiler: /usr/bin/gcc 
Build flags: 
Id flags:  

The output was:
1
CMakeCCompilerId.c:2:3: error: #error "A C++ compiler has been selected for C."
 # error "A C++ compiler has been selected for C."
   ^


Compiling the C compiler identification source file "CMakeCCompilerId.c" failed.
Compiler: /usr/bin/gcc 
Build flags: 
Id flags: -c 

The output was:
1
CMakeCCompilerId.c:2:3: error: #error "A C++ compiler has been selected for C."
 # error "A C++ compiler has been selected for C."
   ^


Compiling the C compiler identification source file "CMakeCCompilerId.c" failed.
Compiler: /usr/bin/gcc 
Build flags: 
Id flags: -Aa 

The output was:
1
<command-line>:0:1: error: missing '(' after predicate
CMakeCCompilerId.c:2:3: error: #error "A C++ compiler has been selected for C."
 # error "A C++ compiler has been selected for C."
   ^


Compiling the C compiler identification source file "CMakeCCompilerId.c" failed.
Compiler: /usr/bin/gcc 
Build flags: 
Id flags: -D__CLASSIC_C__ 

The output was:
1
CMakeCCompilerId.c:2:3: error: #error "A C++ compiler has been selected for C."
 # error "A C++ compiler has been selected for C."
   ^
CMakeCCompilerId.c:295:64: warning: deprecated conversion from string constant to 'char*' [-Wwrite-strings]
 char const* info_compiler = "INFO" ":" "compiler[" COMPILER_ID "]";
                                                                ^
CMakeCCompilerId.c:542:64: warning: deprecated conversion from string constant to 'char*' [-Wwrite-strings]
 char const* info_platform = "INFO" ":" "platform[" PLATFORM_ID "]";
                                                                ^
CMakeCCompilerId.c:543:60: warning: deprecated conversion from string constant to 'char*' [-Wwrite-strings]
 char const* info_arch = "INFO" ":" "arch[" ARCHITECTURE_ID "]";
                                                            ^
CMakeCCompilerId.c:562:43: warning: deprecated conversion from string constant to 'char*' [-Wwrite-strings]
   "INFO" ":" "dialect_default[" C_DIALECT "]";
                                           ^
CMakeCCompilerId.c:570:10: error: 'argc' was not declared in this scope
 int main(argc, argv) int argc; char *argv[];
          ^
CMakeCCompilerId.c:570:16: error: 'argv' was not declared in this scope
 int main(argc, argv) int argc; char *argv[];
                ^
CMakeCCompilerId.c:570:20: error: expression list treated as compound expression in initializer [-fpermissive]
 int main(argc, argv) int argc; char *argv[];
                    ^
CMakeCCompilerId.c:570:22: error: expected ',' or ';' before 'int'
 int main(argc, argv) int argc; char *argv[];
                      ^
CMakeCCompilerId.c:570:43: error: storage size of 'argv' isn't known
 int main(argc, argv) int argc; char *argv[];
                                           ^
CMakeCCompilerId.c:574:1: error: expected unqualified-id before '{' token
 {
 ^


Compiling the C compiler identification source file "CMakeCCompilerId.c" failed.
Compiler: /usr/bin/gcc 
Build flags: 
Id flags:  

The output was:
1
CMakeCCompilerId.c:2:3: error: #error "A C++ compiler has been selected for C."
 # error "A C++ compiler has been selected for C."
   ^


Compiling the C compiler identification source file "CMakeCCompilerId.c" failed.
Compiler: /usr/bin/gcc 
Build flags: 
Id flags: -c 

The output was:
1
CMakeCCompilerId.c:2:3: error: #error "A C++ compiler has been selected for C."
 # error "A C++ compiler has been selected for C."
   ^


Compiling the C compiler identification source file "CMakeCCompilerId.c" failed.
Compiler: /usr/bin/gcc 
Build flags: 
Id flags: -Aa 

The output was:
1
<command-line>:0:1: error: missing '(' after predicate
CMakeCCompilerId.c:2:3: error: #error "A C++ compiler has been selected for C."
 # error "A C++ compiler has been selected for C."
   ^


Compiling the C compiler identification source file "CMakeCCompilerId.c" failed.
Compiler: /usr/bin/gcc 
Build flags: 
Id flags: -D__CLASSIC_C__ 

The output was:
1
CMakeCCompilerId.c:2:3: error: #error "A C++ compiler has been selected for C."
 # error "A C++ compiler has been selected for C."
   ^
CMakeCCompilerId.c:295:64: warning: deprecated conversion from string constant to 'char*' [-Wwrite-strings]
 char const* info_compiler = "INFO" ":" "compiler[" COMPILER_ID "]";
                                                                ^
CMakeCCompilerId.c:542:64: warning: deprecated conversion from string constant to 'char*' [-Wwrite-strings]
 char const* info_platform = "INFO" ":" "platform[" PLATFORM_ID "]";
                                                                ^
CMakeCCompilerId.c:543:60: warning: deprecated conversion from string constant to 'char*' [-Wwrite-strings]
 char const* info_arch = "INFO" ":" "arch[" ARCHITECTURE_ID "]";
                                                            ^
CMakeCCompilerId.c:562:43: warning: deprecated conversion from string constant to 'char*' [-Wwrite-strings]
   "INFO" ":" "dialect_default[" C_DIALECT "]";
                                           ^
CMakeCCompilerId.c:570:10: error: 'argc' was not declared in this scope
 int main(argc, argv) int argc; char *argv[];
          ^
CMakeCCompilerId.c:570:16: error: 'argv' was not declared in this scope
 int main(argc, argv) int argc; char *argv[];
                ^
CMakeCCompilerId.c:570:20: error: expression list treated as compound expression in initializer [-fpermissive]
 int main(argc, argv) int argc; char *argv[];
                    ^
CMakeCCompilerId.c:570:22: error: expected ',' or ';' before 'int'
 int main(argc, argv) int argc; char *argv[];
                      ^
CMakeCCompilerId.c:570:43: error: storage size of 'argv' isn't known
 int main(argc, argv) int argc; char *argv[];
                                           ^
CMakeCCompilerId.c:574:1: error: expected unqualified-id before '{' token
 {
 ^


Checking whether the C compiler is IAR using "" did not match "IAR .+ Compiler":
gcc: fatal error: no input files
compilation terminated.
Checking whether the C compiler is IAR using "" did not match "IAR .+ Compiler":
gcc: fatal error: no input files
compilation terminated.
Determining if the C compiler works failed with the following output:
Change Dir: /home/grpc/CMakeFiles/CMakeTmp

Run Build Command:"/usr/bin/make" "cmTC_ef804/fast"
/usr/bin/make -f CMakeFiles/cmTC_ef804.dir/build.make CMakeFiles/cmTC_ef804.dir/build
make[1]: Entering directory '/home/grpc/CMakeFiles/CMakeTmp'
Building C object CMakeFiles/cmTC_ef804.dir/testCCompiler.c.o
/usr/bin/gcc    -o CMakeFiles/cmTC_ef804.dir/testCCompiler.c.o   -c /home/grpc/CMakeFiles/CMakeTmp/testCCompiler.c
/home/grpc/CMakeFiles/CMakeTmp/testCCompiler.c:2:3: error: #error "The CMAKE_C_COMPILER is set to a C++ compiler"
 # error "The CMAKE_C_COMPILER is set to a C++ compiler"
   ^
CMakeFiles/cmTC_ef804.dir/build.make:65: recipe for target 'CMakeFiles/cmTC_ef804.dir/testCCompiler.c.o' failed
make[1]: *** [CMakeFiles/cmTC_ef804.dir/testCCompiler.c.o] Error 1
make[1]: Leaving directory '/home/grpc/CMakeFiles/CMakeTmp'
Makefile:126: recipe for target 'cmTC_ef804/fast' failed
make: *** [cmTC_ef804/fast] Error 2


Compiling the C compiler identification source file "CMakeCCompilerId.c" failed.
Compiler: /usr/bin/gcc 
Build flags: 
Id flags:  

The output was:
1
CMakeCCompilerId.c:2:3: error: #error "A C++ compiler has been selected for C."
 # error "A C++ compiler has been selected for C."
   ^


Compiling the C compiler identification source file "CMakeCCompilerId.c" failed.
Compiler: /usr/bin/gcc 
Build flags: 
Id flags: -c 

The output was:
1
CMakeCCompilerId.c:2:3: error: #error "A C++ compiler has been selected for C."
 # error "A C++ compiler has been selected for C."
   ^


Compiling the C compiler identification source file "CMakeCCompilerId.c" failed.
Compiler: /usr/bin/gcc 
Build flags: 
Id flags: -Aa 

The output was:
1
<command-line>:0:1: error: missing '(' after predicate
CMakeCCompilerId.c:2:3: error: #error "A C++ compiler has been selected for C."
 # error "A C++ compiler has been selected for C."
   ^


Compiling the C compiler identification source file "CMakeCCompilerId.c" failed.
Compiler: /usr/bin/gcc 
Build flags: 
Id flags: -D__CLASSIC_C__ 

The output was:
1
CMakeCCompilerId.c:2:3: error: #error "A C++ compiler has been selected for C."
 # error "A C++ compiler has been selected for C."
   ^
CMakeCCompilerId.c:295:64: warning: deprecated conversion from string constant to 'char*' [-Wwrite-strings]
 char const* info_compiler = "INFO" ":" "compiler[" COMPILER_ID "]";
                                                                ^
CMakeCCompilerId.c:542:64: warning: deprecated conversion from string constant to 'char*' [-Wwrite-strings]
 char const* info_platform = "INFO" ":" "platform[" PLATFORM_ID "]";
                                                                ^
CMakeCCompilerId.c:543:60: warning: deprecated conversion from string constant to 'char*' [-Wwrite-strings]
 char const* info_arch = "INFO" ":" "arch[" ARCHITECTURE_ID "]";
                                                            ^
CMakeCCompilerId.c:562:43: warning: deprecated conversion from string constant to 'char*' [-Wwrite-strings]
   "INFO" ":" "dialect_default[" C_DIALECT "]";
                                           ^
CMakeCCompilerId.c:570:10: error: 'argc' was not declared in this scope
 int main(argc, argv) int argc; char *argv[];
          ^
CMakeCCompilerId.c:570:16: error: 'argv' was not declared in this scope
 int main(argc, argv) int argc; char *argv[];
                ^
CMakeCCompilerId.c:570:20: error: expression list treated as compound expression in initializer [-fpermissive]
 int main(argc, argv) int argc; char *argv[];
                    ^
CMakeCCompilerId.c:570:22: error: expected ',' or ';' before 'int'
 int main(argc, argv) int argc; char *argv[];
                      ^
CMakeCCompilerId.c:570:43: error: storage size of 'argv' isn't known
 int main(argc, argv) int argc; char *argv[];
                                           ^
CMakeCCompilerId.c:574:1: error: expected unqualified-id before '{' token
 {
 ^


Compiling the C compiler identification source file "CMakeCCompilerId.c" failed.
Compiler: /usr/bin/gcc 
Build flags: 
Id flags:  

The output was:
1
CMakeCCompilerId.c:2:3: error: #error "A C++ compiler has been selected for C."
 # error "A C++ compiler has been selected for C."
   ^


Compiling the C compiler identification source file "CMakeCCompilerId.c" failed.
Compiler: /usr/bin/gcc 
Build flags: 
Id flags: -c 

The output was:
1
CMakeCCompilerId.c:2:3: error: #error "A C++ compiler has been selected for C."
 # error "A C++ compiler has been selected for C."
   ^


Compiling the C compiler identification source file "CMakeCCompilerId.c" failed.
Compiler: /usr/bin/gcc 
Build flags: 
Id flags: -Aa 

The output was:
1
<command-line>:0:1: error: missing '(' after predicate
CMakeCCompilerId.c:2:3: error: #error "A C++ compiler has been selected for C."
 # error "A C++ compiler has been selected for C."
   ^


Compiling the C compiler identification source file "CMakeCCompilerId.c" failed.
Compiler: /usr/bin/gcc 
Build flags: 
Id flags: -D__CLASSIC_C__ 

The output was:
1
CMakeCCompilerId.c:2:3: error: #error "A C++ compiler has been selected for C."
 # error "A C++ compiler has been selected for C."
   ^
CMakeCCompilerId.c:295:64: warning: deprecated conversion from string constant to 'char*' [-Wwrite-strings]
 char const* info_compiler = "INFO" ":" "compiler[" COMPILER_ID "]";
                                                                ^
CMakeCCompilerId.c:542:64: warning: deprecated conversion from string constant to 'char*' [-Wwrite-strings]
 char const* info_platform = "INFO" ":" "platform[" PLATFORM_ID "]";
                                                                ^
CMakeCCompilerId.c:543:60: warning: deprecated conversion from string constant to 'char*' [-Wwrite-strings]
 char const* info_arch = "INFO" ":" "arch[" ARCHITECTURE_ID "]";
                                                            ^
CMakeCCompilerId.c:562:43: warning: deprecated conversion from string constant to 'char*' [-Wwrite-strings]
   "INFO" ":" "dialect_default[" C_DIALECT "]";
                                           ^
CMakeCCompilerId.c:570:10: error: 'argc' was not declared in this scope
 int main(argc, argv) int argc; char *argv[];
          ^
CMakeCCompilerId.c:570:16: error: 'argv' was not declared in this scope
 int main(argc, argv) int argc; char *argv[];
                ^
CMakeCCompilerId.c:570:20: error: expression list treated as compound expression in initializer [-fpermissive]
 int main(argc, argv) int argc; char *argv[];
                    ^
CMakeCCompilerId.c:570:22: error: expected ',' or ';' before 'int'
 int main(argc, argv) int argc; char *argv[];
                      ^
CMakeCCompilerId.c:570:43: error: storage size of 'argv' isn't known
 int main(argc, argv) int argc; char *argv[];
                                           ^
CMakeCCompilerId.c:574:1: error: expected unqualified-id before '{' token
 {
 ^


Checking whether the C compiler is IAR using "" did not match "IAR .+ Compiler":
gcc: fatal error: no input files
compilation terminated.
Checking whether the C compiler is IAR using "" did not match "IAR .+ Compiler":
gcc: fatal error: no input files
compilation terminated.
Determining if the C compiler works failed with the following output:
Change Dir: /home/grpc/CMakeFiles/CMakeTmp

Run Build Command:"/usr/bin/make" "cmTC_4407c/fast"
/usr/bin/make -f CMakeFiles/cmTC_4407c.dir/build.make CMakeFiles/cmTC_4407c.dir/build
make[1]: Entering directory '/home/grpc/CMakeFiles/CMakeTmp'
Building C object CMakeFiles/cmTC_4407c.dir/testCCompiler.c.o
/usr/bin/gcc    -o CMakeFiles/cmTC_4407c.dir/testCCompiler.c.o   -c /home/grpc/CMakeFiles/CMakeTmp/testCCompiler.c
/home/grpc/CMakeFiles/CMakeTmp/testCCompiler.c:2:3: error: #error "The CMAKE_C_COMPILER is set to a C++ compiler"
 # error "The CMAKE_C_COMPILER is set to a C++ compiler"
   ^
CMakeFiles/cmTC_4407c.dir/build.make:65: recipe for target 'CMakeFiles/cmTC_4407c.dir/testCCompiler.c.o' failed
make[1]: *** [CMakeFiles/cmTC_4407c.dir/testCCompiler.c.o] Error 1
make[1]: Leaving directory '/home/grpc/CMakeFiles/CMakeTmp'
Makefile:126: recipe for target 'cmTC_4407c/fast' failed
make: *** [cmTC_4407c/fast] Error 2


